2024-05-15 21:39:46 ERROR CrudDaoImpl - Nie ma tej gry w bazie danych
2024-05-15 21:56:34 INFO  CrudDaoImpl - 
Dodales gre na PC: (PC) mc, release date: 213.432.123, modding: tak, requirements: niskie

2024-05-15 21:57:10 INFO  CrudDaoImpl - Dodales gre mobilna: (Mobile) flappy bird, release date: 32.312.3144, system: ios

2024-05-15 21:57:20 INFO  CrudDaoImpl - Dodales gre konsolowa: (Console) cod, release date: 2.23.312, console: ps

2024-05-15 21:57:46 INFO  CrudDaoImpl - Gra cod usunieta!
2024-05-15 21:58:01 ERROR CrudDaoImpl - Nie ma tej gry w bazie danych
2024-05-15 21:59:54 INFO  CrudDaoImpl - 
Dodales gre na PC: (PC) cs go, release date: 2.42.213, modding: nie, requirements: srednie

2024-05-15 22:00:41 INFO  CrudDaoImpl - Wpis gry po zmianie:
 (PC) cs go, release date: 2.42.213, modding: nie, requirements: niskie 4gb ram

2024-05-15 22:08:22 INFO  CrudDaoImpl - Dodales gre konsolowa: ConsoleGame(title=candy crush, year=2341, month=12, day=12, console=aaa pomylka to gra mobilna)
2024-05-15 22:09:00 INFO  CrudDaoImpl - Gra candy crush usunieta!
2024-05-17 00:34:18 INFO  CrudDaoImpl - Dodano nowa gre:
PcGameData(title=mc, year=123, month=123, day=123, requirements=niskie, modding=tak)
2024-05-17 00:35:50 INFO  CrudDaoImpl - Dodano nowa gre:
PcGameData(title=3, year=2, month=3, day=2, requirements=dawe, modding=ta)
2024-05-17 00:36:11 INFO  GameLogger - Gra 3 usunieta!
2024-05-17 00:36:28 INFO  CrudDaoImpl - Dodano nowa gre:
ConsoleGameData(title=cod, year=123, month=123, day=22, console=ps)
2024-05-17 00:37:35 INFO  GameLogger - Gra cod usunieta!
2024-05-17 00:54:33 INFO  GameLogger - Wpis gry po zmianie:
 (PC) mc, release date: 22.12.2004, modding: w pelni, requirements: bardzo niskie
2024-05-17 00:54:33 INFO  CrudDaoImpl - Nowy wpis mc:
(PC) mc, release date: 22.12.2004, modding: w pelni, requirements: bardzo niskie
2024-06-19 05:07:59 INFO  CrudDaoImpl - Dodano nowa gre:
PcGameData(title=Test PC Game, year=2022, month=1, day=1, requirements=High, modding=yes)
2024-06-19 05:07:59 INFO  CrudDaoImpl - Dodano nowa gre:
PcGameData(title=Test PC Game 1, year=2022, month=1, day=1, requirements=High, modding=yes)
2024-06-19 05:07:59 INFO  CrudDaoImpl - Dodano nowa gre:
PcGameData(title=Test PC Game 2, year=2021, month=1, day=1, requirements=Medium, modding=no)
2024-06-19 05:07:59 INFO  CrudDaoImpl - Dodano nowa gre:
PcGameData(title=Test PC Game, year=2022, month=1, day=1, requirements=High, modding=yes)
2024-06-19 05:07:59 INFO  GameLogger - Gra Test PC Game usunieta!
2024-06-19 05:07:59 INFO  CrudDaoImpl - Dodano nowa gre:
PcGameData(title=Test PC Game, year=2022, month=1, day=1, requirements=High, modding=yes)
2024-06-19 05:45:42 INFO  CrudDaoImpl - Dodano nowa gre:
PcGameData(title=Test PC Game, year=2022, month=1, day=1, requirements=High, modding=Yes)
2024-06-19 05:45:42 INFO  CrudDaoImpl - Nowy tytul Updated Game Title:
(PC) Updated Game Title, release date: 1.1.2022, modding: Yes, requirements: High
2024-06-19 05:45:42 INFO  CrudDaoImpl - Dodano nowa gre:
PcGameData(title=Test PC Game, year=2022, month=1, day=1, requirements=High, modding=Yes)
2024-06-19 05:45:42 INFO  CrudDaoImpl - Dodano nowa gre:
PcGameData(title=Test PC Game, year=2022, month=1, day=1, requirements=High, modding=Yes)
2024-06-19 05:45:42 INFO  CrudDaoImpl - Nowa data premiery Test PC Game:
(PC) Test PC Game, release date: 2.2.2023, modding: Yes, requirements: High
2024-06-19 05:45:42 INFO  CrudDaoImpl - Dodano nowa gre:
PcGameData(title=Test PC Game 1, year=2022, month=1, day=1, requirements=High, modding=Yes)
2024-06-19 05:45:42 INFO  CrudDaoImpl - Dodano nowa gre:
PcGameData(title=Test PC Game 2, year=2021, month=1, day=1, requirements=Medium, modding=No)
2024-06-19 05:45:42 INFO  CrudDaoImpl - Dodano nowa gre:
PcGameData(title=Test PC Game, year=2022, month=1, day=1, requirements=High, modding=Yes)
2024-06-19 05:45:42 INFO  CrudDaoImpl - Gra Test PC Game usunieta!
2024-06-19 05:45:42 INFO  CrudDaoImpl - Dodano nowa gre:
PcGameData(title=Test PC Game, year=2022, month=1, day=1, requirements=High, modding=Yes)
2024-06-19 05:45:42 INFO  CrudDaoImpl - Nowy opis Test PC Game:
(PC) Test PC Game, release date: 1.1.2022, modding: No, requirements: Low
2024-06-19 05:47:04 INFO  CrudDaoImpl - Dodano nowa gre:
PcGameData(title=Test PC Game, year=2022, month=1, day=1, requirements=High, modding=Yes)
2024-06-19 05:47:04 INFO  CrudDaoImpl - Nowy tytul Updated Game Title:
(PC) Updated Game Title, release date: 1.1.2022, modding: Yes, requirements: High
2024-06-19 05:47:04 INFO  CrudDaoImpl - Dodano nowa gre:
PcGameData(title=Test PC Game, year=2022, month=1, day=1, requirements=High, modding=Yes)
2024-06-19 05:47:04 INFO  CrudDaoImpl - Dodano nowa gre:
PcGameData(title=Test PC Game, year=2022, month=1, day=1, requirements=High, modding=Yes)
2024-06-19 05:47:04 INFO  CrudDaoImpl - Nowa data premiery Test PC Game:
(PC) Test PC Game, release date: 2.2.2023, modding: Yes, requirements: High
2024-06-19 05:47:04 INFO  CrudDaoImpl - Dodano nowa gre:
PcGameData(title=Test PC Game 1, year=2022, month=1, day=1, requirements=High, modding=Yes)
2024-06-19 05:47:04 INFO  CrudDaoImpl - Dodano nowa gre:
PcGameData(title=Test PC Game 2, year=2021, month=1, day=1, requirements=Medium, modding=No)
2024-06-19 05:47:04 INFO  CrudDaoImpl - Dodano nowa gre:
PcGameData(title=Test PC Game, year=2022, month=1, day=1, requirements=High, modding=Yes)
2024-06-19 05:47:04 INFO  CrudDaoImpl - Gra Test PC Game usunieta!
2024-06-19 05:47:04 INFO  CrudDaoImpl - Dodano nowa gre:
PcGameData(title=Test PC Game, year=2022, month=1, day=1, requirements=High, modding=Yes)
2024-06-19 05:47:04 INFO  CrudDaoImpl - Nowy opis Test PC Game:
(PC) Test PC Game, release date: 1.1.2022, modding: No, requirements: Low
2024-06-19 05:51:39 INFO  CrudDaoImpl - Dodano nowa gre:
MobileGameData(title=Test Mobile Game, year=2022, month=1, day=1, system=Android)
2024-06-19 05:51:39 INFO  CrudDaoImpl - Dodano nowa gre:
PcGameData(title=Test PC Game, year=2022, month=1, day=1, requirements=High, modding=Yes)
2024-06-19 05:51:39 INFO  CrudDaoImpl - Dodano nowa gre:
ConsoleGameData(title=Test Console Game, year=2022, month=1, day=1, console=PlayStation)
2024-06-19 05:51:39 INFO  CrudDaoImpl - Nowa data premiery Test Console Game:
(Console) Test Console Game, release date: 2.2.2023, console: PlayStation
2024-06-19 05:51:39 INFO  CrudDaoImpl - Dodano nowa gre:
ConsoleGameData(title=Test Console Game, year=2022, month=1, day=1, console=PlayStation)
2024-06-19 05:51:39 INFO  CrudDaoImpl - Nowy tytul Updated Console Game Title:
(Console) Updated Console Game Title, release date: 1.1.2022, console: PlayStation
2024-06-19 05:51:39 INFO  CrudDaoImpl - Dodano nowa gre:
MobileGameData(title=Test Mobile Game, year=2022, month=1, day=1, system=Android)
2024-06-19 05:51:39 INFO  CrudDaoImpl - Nowy tytul Updated Mobile Game Title:
(Mobile) Updated Mobile Game Title, release date: 1.1.2022, system: Android
2024-06-19 05:51:39 INFO  CrudDaoImpl - Dodano nowa gre:
PcGameData(title=Test PC Game, year=2022, month=1, day=1, requirements=High, modding=Yes)
2024-06-19 05:51:39 INFO  CrudDaoImpl - Dodano nowa gre:
MobileGameData(title=Test Mobile Game, year=2022, month=1, day=1, system=Android)
2024-06-19 05:51:39 INFO  CrudDaoImpl - Dodano nowa gre:
ConsoleGameData(title=Test Console Game, year=2022, month=1, day=1, console=PlayStation)
2024-06-19 05:51:39 INFO  CrudDaoImpl - Dodano nowa gre:
ConsoleGameData(title=Test Console Game, year=2022, month=1, day=1, console=PlayStation)
2024-06-19 05:51:39 INFO  CrudDaoImpl - Nowy opis Test Console Game:
(Console) Test Console Game, release date: 1.1.2022, console: Xbox
2024-06-19 05:51:39 INFO  CrudDaoImpl - Dodano nowa gre:
PcGameData(title=Test PC Game, year=2022, month=1, day=1, requirements=High, modding=Yes)
2024-06-19 05:51:39 INFO  CrudDaoImpl - Gra Test PC Game usunieta!
2024-06-19 05:51:39 INFO  CrudDaoImpl - Dodano nowa gre:
ConsoleGameData(title=Test Console Game, year=2022, month=1, day=1, console=PlayStation)
2024-06-19 05:51:39 INFO  CrudDaoImpl - Dodano nowa gre:
MobileGameData(title=Test Mobile Game, year=2022, month=1, day=1, system=Android)
2024-06-19 05:51:39 INFO  CrudDaoImpl - Nowy opis Test Mobile Game:
(Mobile) Test Mobile Game, release date: 1.1.2022, system: iOS
2024-06-19 05:51:39 INFO  CrudDaoImpl - Dodano nowa gre:
PcGameData(title=Test PC Game, year=2022, month=1, day=1, requirements=High, modding=Yes)
2024-06-19 05:51:39 INFO  CrudDaoImpl - Nowy opis Test PC Game:
(PC) Test PC Game, release date: 1.1.2022, modding: No, requirements: Low
2024-06-19 05:51:39 INFO  CrudDaoImpl - Dodano nowa gre:
PcGameData(title=Test PC Game, year=2022, month=1, day=1, requirements=High, modding=Yes)
2024-06-19 05:51:39 INFO  CrudDaoImpl - Nowy tytul Updated Game Title:
(PC) Updated Game Title, release date: 1.1.2022, modding: Yes, requirements: High
2024-06-19 05:51:39 INFO  CrudDaoImpl - Dodano nowa gre:
ConsoleGameData(title=Test Console Game, year=2022, month=1, day=1, console=PlayStation)
2024-06-19 05:51:39 INFO  CrudDaoImpl - Gra Test Console Game usunieta!
2024-06-19 05:51:39 INFO  CrudDaoImpl - Dodano nowa gre:
MobileGameData(title=Test Mobile Game, year=2022, month=1, day=1, system=Android)
2024-06-19 05:51:39 INFO  CrudDaoImpl - Nowa data premiery Test Mobile Game:
(Mobile) Test Mobile Game, release date: 2.2.2023, system: Android
2024-06-19 05:51:39 INFO  CrudDaoImpl - Dodano nowa gre:
PcGameData(title=Test PC Game, year=2022, month=1, day=1, requirements=High, modding=Yes)
2024-06-19 05:51:39 INFO  CrudDaoImpl - Nowa data premiery Test PC Game:
(PC) Test PC Game, release date: 2.2.2023, modding: Yes, requirements: High
2024-06-19 05:51:39 INFO  CrudDaoImpl - Dodano nowa gre:
MobileGameData(title=Test Mobile Game, year=2022, month=1, day=1, system=Android)
2024-06-19 05:51:39 INFO  CrudDaoImpl - Gra Test Mobile Game usunieta!
2024-06-19 05:53:12 WARN  Exposed - Transaction attempt #0 failed: Communications link failure

The last packet sent successfully to the server was 0 milliseconds ago. The driver has not received any packets from the server.. Statement(s): null
com.mysql.cj.jdbc.exceptions.CommunicationsException: Communications link failure

The last packet sent successfully to the server was 0 milliseconds ago. The driver has not received any packets from the server.
	at com.mysql.cj.jdbc.exceptions.SQLError.createCommunicationsException(SQLError.java:174)
	at com.mysql.cj.jdbc.exceptions.SQLExceptionsMapping.translateException(SQLExceptionsMapping.java:64)
	at com.mysql.cj.jdbc.ConnectionImpl.createNewIO(ConnectionImpl.java:828)
	at com.mysql.cj.jdbc.ConnectionImpl.<init>(ConnectionImpl.java:448)
	at com.mysql.cj.jdbc.ConnectionImpl.getInstance(ConnectionImpl.java:241)
	at com.mysql.cj.jdbc.NonRegisteringDriver.connect(NonRegisteringDriver.java:198)
	at java.sql/java.sql.DriverManager.getConnection(DriverManager.java:683)
	at java.sql/java.sql.DriverManager.getConnection(DriverManager.java:230)
	at org.jetbrains.exposed.sql.Database$Companion$connect$10.invoke(Database.kt:206)
	at org.jetbrains.exposed.sql.Database$Companion$connect$10.invoke(Database.kt:206)
	at org.jetbrains.exposed.sql.Database$Companion$doConnect$3.invoke(Database.kt:126)
	at org.jetbrains.exposed.sql.Database$Companion$doConnect$3.invoke(Database.kt:127)
	at org.jetbrains.exposed.sql.transactions.ThreadLocalTransactionManager$ThreadLocalTransaction$connectionLazy$1.invoke(ThreadLocalTransactionManager.kt:76)
	at org.jetbrains.exposed.sql.transactions.ThreadLocalTransactionManager$ThreadLocalTransaction$connectionLazy$1.invoke(ThreadLocalTransactionManager.kt:75)
	at kotlin.UnsafeLazyImpl.getValue(Lazy.kt:81)
	at org.jetbrains.exposed.sql.transactions.ThreadLocalTransactionManager$ThreadLocalTransaction.getConnection(ThreadLocalTransactionManager.kt:89)
	at org.jetbrains.exposed.sql.Transaction.getConnection(Transaction.kt)
	at org.jetbrains.exposed.sql.vendors.VendorDialect.tableExists(Default.kt:791)
	at org.jetbrains.exposed.sql.QueriesKt.exists(Queries.kt:236)
	at org.jetbrains.exposed.sql.SchemaUtils.createStatements(SchemaUtils.kt:96)
	at org.jetbrains.exposed.sql.SchemaUtils.create(SchemaUtils.kt:273)
	at org.jetbrains.exposed.sql.SchemaUtils.create$default(SchemaUtils.kt:271)
	at MainKt$main$1.invoke(Main.kt:14)
	at MainKt$main$1.invoke(Main.kt:13)
	at org.jetbrains.exposed.sql.transactions.ThreadLocalTransactionManagerKt.inTopLevelTransaction$run(ThreadLocalTransactionManager.kt:215)
	at org.jetbrains.exposed.sql.transactions.ThreadLocalTransactionManagerKt.access$inTopLevelTransaction$run(ThreadLocalTransactionManager.kt:1)
	at org.jetbrains.exposed.sql.transactions.ThreadLocalTransactionManagerKt$inTopLevelTransaction$1.invoke(ThreadLocalTransactionManager.kt:241)
	at org.jetbrains.exposed.sql.transactions.ThreadLocalTransactionManagerKt.keepAndRestoreTransactionRefAfterRun(ThreadLocalTransactionManager.kt:249)
	at org.jetbrains.exposed.sql.transactions.ThreadLocalTransactionManagerKt.inTopLevelTransaction(ThreadLocalTransactionManager.kt:240)
	at org.jetbrains.exposed.sql.transactions.ThreadLocalTransactionManagerKt$transaction$1.invoke(ThreadLocalTransactionManager.kt:190)
	at org.jetbrains.exposed.sql.transactions.ThreadLocalTransactionManagerKt.keepAndRestoreTransactionRefAfterRun(ThreadLocalTransactionManager.kt:249)
	at org.jetbrains.exposed.sql.transactions.ThreadLocalTransactionManagerKt.transaction(ThreadLocalTransactionManager.kt:160)
	at org.jetbrains.exposed.sql.transactions.ThreadLocalTransactionManagerKt.transaction(ThreadLocalTransactionManager.kt:146)
	at org.jetbrains.exposed.sql.transactions.ThreadLocalTransactionManagerKt.transaction$default(ThreadLocalTransactionManager.kt:145)
	at MainKt.main(Main.kt:13)
	at MainKt.main(Main.kt)
Caused by: com.mysql.cj.exceptions.CJCommunicationsException: Communications link failure

The last packet sent successfully to the server was 0 milliseconds ago. The driver has not received any packets from the server.
	at java.base/jdk.internal.reflect.DirectConstructorHandleAccessor.newInstance(DirectConstructorHandleAccessor.java:67)
	at java.base/java.lang.reflect.Constructor.newInstanceWithCaller(Constructor.java:500)
	at java.base/java.lang.reflect.Constructor.newInstance(Constructor.java:484)
	at com.mysql.cj.exceptions.ExceptionFactory.createException(ExceptionFactory.java:61)
	at com.mysql.cj.exceptions.ExceptionFactory.createException(ExceptionFactory.java:105)
	at com.mysql.cj.exceptions.ExceptionFactory.createException(ExceptionFactory.java:151)
	at com.mysql.cj.exceptions.ExceptionFactory.createCommunicationsException(ExceptionFactory.java:167)
	at com.mysql.cj.protocol.a.NativeSocketConnection.connect(NativeSocketConnection.java:89)
	at com.mysql.cj.NativeSession.connect(NativeSession.java:120)
	at com.mysql.cj.jdbc.ConnectionImpl.connectOneTryOnly(ConnectionImpl.java:948)
	at com.mysql.cj.jdbc.ConnectionImpl.createNewIO(ConnectionImpl.java:818)
	... 33 common frames omitted
Caused by: java.net.ConnectException: Connection refused: connect
	at java.base/sun.nio.ch.Net.connect0(Native Method)
	at java.base/sun.nio.ch.Net.connect(Net.java:579)
	at java.base/sun.nio.ch.Net.connect(Net.java:568)
	at java.base/sun.nio.ch.NioSocketImpl.connect(NioSocketImpl.java:576)
	at java.base/java.net.SocksSocketImpl.connect(SocksSocketImpl.java:327)
	at java.base/java.net.Socket.connect(Socket.java:666)
	at com.mysql.cj.protocol.StandardSocketFactory.connect(StandardSocketFactory.java:153)
	at com.mysql.cj.protocol.a.NativeSocketConnection.connect(NativeSocketConnection.java:63)
	... 36 common frames omitted
2024-06-19 05:53:12 WARN  Exposed - Transaction attempt #1 failed: Communications link failure

The last packet sent successfully to the server was 0 milliseconds ago. The driver has not received any packets from the server.. Statement(s): null
com.mysql.cj.jdbc.exceptions.CommunicationsException: Communications link failure

The last packet sent successfully to the server was 0 milliseconds ago. The driver has not received any packets from the server.
	at com.mysql.cj.jdbc.exceptions.SQLError.createCommunicationsException(SQLError.java:174)
	at com.mysql.cj.jdbc.exceptions.SQLExceptionsMapping.translateException(SQLExceptionsMapping.java:64)
	at com.mysql.cj.jdbc.ConnectionImpl.createNewIO(ConnectionImpl.java:828)
	at com.mysql.cj.jdbc.ConnectionImpl.<init>(ConnectionImpl.java:448)
	at com.mysql.cj.jdbc.ConnectionImpl.getInstance(ConnectionImpl.java:241)
	at com.mysql.cj.jdbc.NonRegisteringDriver.connect(NonRegisteringDriver.java:198)
	at java.sql/java.sql.DriverManager.getConnection(DriverManager.java:683)
	at java.sql/java.sql.DriverManager.getConnection(DriverManager.java:230)
	at org.jetbrains.exposed.sql.Database$Companion$connect$10.invoke(Database.kt:206)
	at org.jetbrains.exposed.sql.Database$Companion$connect$10.invoke(Database.kt:206)
	at org.jetbrains.exposed.sql.Database$Companion$doConnect$3.invoke(Database.kt:126)
	at org.jetbrains.exposed.sql.Database$Companion$doConnect$3.invoke(Database.kt:127)
	at org.jetbrains.exposed.sql.transactions.ThreadLocalTransactionManager$ThreadLocalTransaction$connectionLazy$1.invoke(ThreadLocalTransactionManager.kt:76)
	at org.jetbrains.exposed.sql.transactions.ThreadLocalTransactionManager$ThreadLocalTransaction$connectionLazy$1.invoke(ThreadLocalTransactionManager.kt:75)
	at kotlin.UnsafeLazyImpl.getValue(Lazy.kt:81)
	at org.jetbrains.exposed.sql.transactions.ThreadLocalTransactionManager$ThreadLocalTransaction.getConnection(ThreadLocalTransactionManager.kt:89)
	at org.jetbrains.exposed.sql.Transaction.getConnection(Transaction.kt)
	at org.jetbrains.exposed.sql.vendors.VendorDialect.tableExists(Default.kt:791)
	at org.jetbrains.exposed.sql.QueriesKt.exists(Queries.kt:236)
	at org.jetbrains.exposed.sql.SchemaUtils.createStatements(SchemaUtils.kt:96)
	at org.jetbrains.exposed.sql.SchemaUtils.create(SchemaUtils.kt:273)
	at org.jetbrains.exposed.sql.SchemaUtils.create$default(SchemaUtils.kt:271)
	at MainKt$main$1.invoke(Main.kt:14)
	at MainKt$main$1.invoke(Main.kt:13)
	at org.jetbrains.exposed.sql.transactions.ThreadLocalTransactionManagerKt.inTopLevelTransaction$run(ThreadLocalTransactionManager.kt:215)
	at org.jetbrains.exposed.sql.transactions.ThreadLocalTransactionManagerKt.access$inTopLevelTransaction$run(ThreadLocalTransactionManager.kt:1)
	at org.jetbrains.exposed.sql.transactions.ThreadLocalTransactionManagerKt$inTopLevelTransaction$1.invoke(ThreadLocalTransactionManager.kt:241)
	at org.jetbrains.exposed.sql.transactions.ThreadLocalTransactionManagerKt.keepAndRestoreTransactionRefAfterRun(ThreadLocalTransactionManager.kt:249)
	at org.jetbrains.exposed.sql.transactions.ThreadLocalTransactionManagerKt.inTopLevelTransaction(ThreadLocalTransactionManager.kt:240)
	at org.jetbrains.exposed.sql.transactions.ThreadLocalTransactionManagerKt$transaction$1.invoke(ThreadLocalTransactionManager.kt:190)
	at org.jetbrains.exposed.sql.transactions.ThreadLocalTransactionManagerKt.keepAndRestoreTransactionRefAfterRun(ThreadLocalTransactionManager.kt:249)
	at org.jetbrains.exposed.sql.transactions.ThreadLocalTransactionManagerKt.transaction(ThreadLocalTransactionManager.kt:160)
	at org.jetbrains.exposed.sql.transactions.ThreadLocalTransactionManagerKt.transaction(ThreadLocalTransactionManager.kt:146)
	at org.jetbrains.exposed.sql.transactions.ThreadLocalTransactionManagerKt.transaction$default(ThreadLocalTransactionManager.kt:145)
	at MainKt.main(Main.kt:13)
	at MainKt.main(Main.kt)
Caused by: com.mysql.cj.exceptions.CJCommunicationsException: Communications link failure

The last packet sent successfully to the server was 0 milliseconds ago. The driver has not received any packets from the server.
	at java.base/jdk.internal.reflect.DirectConstructorHandleAccessor.newInstance(DirectConstructorHandleAccessor.java:67)
	at java.base/java.lang.reflect.Constructor.newInstanceWithCaller(Constructor.java:500)
	at java.base/java.lang.reflect.Constructor.newInstance(Constructor.java:484)
	at com.mysql.cj.exceptions.ExceptionFactory.createException(ExceptionFactory.java:61)
	at com.mysql.cj.exceptions.ExceptionFactory.createException(ExceptionFactory.java:105)
	at com.mysql.cj.exceptions.ExceptionFactory.createException(ExceptionFactory.java:151)
	at com.mysql.cj.exceptions.ExceptionFactory.createCommunicationsException(ExceptionFactory.java:167)
	at com.mysql.cj.protocol.a.NativeSocketConnection.connect(NativeSocketConnection.java:89)
	at com.mysql.cj.NativeSession.connect(NativeSession.java:120)
	at com.mysql.cj.jdbc.ConnectionImpl.connectOneTryOnly(ConnectionImpl.java:948)
	at com.mysql.cj.jdbc.ConnectionImpl.createNewIO(ConnectionImpl.java:818)
	... 33 common frames omitted
Caused by: java.net.ConnectException: Connection refused: connect
	at java.base/sun.nio.ch.Net.connect0(Native Method)
	at java.base/sun.nio.ch.Net.connect(Net.java:579)
	at java.base/sun.nio.ch.Net.connect(Net.java:568)
	at java.base/sun.nio.ch.NioSocketImpl.connect(NioSocketImpl.java:576)
	at java.base/java.net.SocksSocketImpl.connect(SocksSocketImpl.java:327)
	at java.base/java.net.Socket.connect(Socket.java:666)
	at com.mysql.cj.protocol.StandardSocketFactory.connect(StandardSocketFactory.java:153)
	at com.mysql.cj.protocol.a.NativeSocketConnection.connect(NativeSocketConnection.java:63)
	... 36 common frames omitted
2024-06-19 05:53:12 WARN  Exposed - Transaction attempt #2 failed: Communications link failure

The last packet sent successfully to the server was 0 milliseconds ago. The driver has not received any packets from the server.. Statement(s): null
com.mysql.cj.jdbc.exceptions.CommunicationsException: Communications link failure

The last packet sent successfully to the server was 0 milliseconds ago. The driver has not received any packets from the server.
	at com.mysql.cj.jdbc.exceptions.SQLError.createCommunicationsException(SQLError.java:174)
	at com.mysql.cj.jdbc.exceptions.SQLExceptionsMapping.translateException(SQLExceptionsMapping.java:64)
	at com.mysql.cj.jdbc.ConnectionImpl.createNewIO(ConnectionImpl.java:828)
	at com.mysql.cj.jdbc.ConnectionImpl.<init>(ConnectionImpl.java:448)
	at com.mysql.cj.jdbc.ConnectionImpl.getInstance(ConnectionImpl.java:241)
	at com.mysql.cj.jdbc.NonRegisteringDriver.connect(NonRegisteringDriver.java:198)
	at java.sql/java.sql.DriverManager.getConnection(DriverManager.java:683)
	at java.sql/java.sql.DriverManager.getConnection(DriverManager.java:230)
	at org.jetbrains.exposed.sql.Database$Companion$connect$10.invoke(Database.kt:206)
	at org.jetbrains.exposed.sql.Database$Companion$connect$10.invoke(Database.kt:206)
	at org.jetbrains.exposed.sql.Database$Companion$doConnect$3.invoke(Database.kt:126)
	at org.jetbrains.exposed.sql.Database$Companion$doConnect$3.invoke(Database.kt:127)
	at org.jetbrains.exposed.sql.transactions.ThreadLocalTransactionManager$ThreadLocalTransaction$connectionLazy$1.invoke(ThreadLocalTransactionManager.kt:76)
	at org.jetbrains.exposed.sql.transactions.ThreadLocalTransactionManager$ThreadLocalTransaction$connectionLazy$1.invoke(ThreadLocalTransactionManager.kt:75)
	at kotlin.UnsafeLazyImpl.getValue(Lazy.kt:81)
	at org.jetbrains.exposed.sql.transactions.ThreadLocalTransactionManager$ThreadLocalTransaction.getConnection(ThreadLocalTransactionManager.kt:89)
	at org.jetbrains.exposed.sql.Transaction.getConnection(Transaction.kt)
	at org.jetbrains.exposed.sql.vendors.VendorDialect.tableExists(Default.kt:791)
	at org.jetbrains.exposed.sql.QueriesKt.exists(Queries.kt:236)
	at org.jetbrains.exposed.sql.SchemaUtils.createStatements(SchemaUtils.kt:96)
	at org.jetbrains.exposed.sql.SchemaUtils.create(SchemaUtils.kt:273)
	at org.jetbrains.exposed.sql.SchemaUtils.create$default(SchemaUtils.kt:271)
	at MainKt$main$1.invoke(Main.kt:14)
	at MainKt$main$1.invoke(Main.kt:13)
	at org.jetbrains.exposed.sql.transactions.ThreadLocalTransactionManagerKt.inTopLevelTransaction$run(ThreadLocalTransactionManager.kt:215)
	at org.jetbrains.exposed.sql.transactions.ThreadLocalTransactionManagerKt.access$inTopLevelTransaction$run(ThreadLocalTransactionManager.kt:1)
	at org.jetbrains.exposed.sql.transactions.ThreadLocalTransactionManagerKt$inTopLevelTransaction$1.invoke(ThreadLocalTransactionManager.kt:241)
	at org.jetbrains.exposed.sql.transactions.ThreadLocalTransactionManagerKt.keepAndRestoreTransactionRefAfterRun(ThreadLocalTransactionManager.kt:249)
	at org.jetbrains.exposed.sql.transactions.ThreadLocalTransactionManagerKt.inTopLevelTransaction(ThreadLocalTransactionManager.kt:240)
	at org.jetbrains.exposed.sql.transactions.ThreadLocalTransactionManagerKt$transaction$1.invoke(ThreadLocalTransactionManager.kt:190)
	at org.jetbrains.exposed.sql.transactions.ThreadLocalTransactionManagerKt.keepAndRestoreTransactionRefAfterRun(ThreadLocalTransactionManager.kt:249)
	at org.jetbrains.exposed.sql.transactions.ThreadLocalTransactionManagerKt.transaction(ThreadLocalTransactionManager.kt:160)
	at org.jetbrains.exposed.sql.transactions.ThreadLocalTransactionManagerKt.transaction(ThreadLocalTransactionManager.kt:146)
	at org.jetbrains.exposed.sql.transactions.ThreadLocalTransactionManagerKt.transaction$default(ThreadLocalTransactionManager.kt:145)
	at MainKt.main(Main.kt:13)
	at MainKt.main(Main.kt)
Caused by: com.mysql.cj.exceptions.CJCommunicationsException: Communications link failure

The last packet sent successfully to the server was 0 milliseconds ago. The driver has not received any packets from the server.
	at java.base/jdk.internal.reflect.DirectConstructorHandleAccessor.newInstance(DirectConstructorHandleAccessor.java:67)
	at java.base/java.lang.reflect.Constructor.newInstanceWithCaller(Constructor.java:500)
	at java.base/java.lang.reflect.Constructor.newInstance(Constructor.java:484)
	at com.mysql.cj.exceptions.ExceptionFactory.createException(ExceptionFactory.java:61)
	at com.mysql.cj.exceptions.ExceptionFactory.createException(ExceptionFactory.java:105)
	at com.mysql.cj.exceptions.ExceptionFactory.createException(ExceptionFactory.java:151)
	at com.mysql.cj.exceptions.ExceptionFactory.createCommunicationsException(ExceptionFactory.java:167)
	at com.mysql.cj.protocol.a.NativeSocketConnection.connect(NativeSocketConnection.java:89)
	at com.mysql.cj.NativeSession.connect(NativeSession.java:120)
	at com.mysql.cj.jdbc.ConnectionImpl.connectOneTryOnly(ConnectionImpl.java:948)
	at com.mysql.cj.jdbc.ConnectionImpl.createNewIO(ConnectionImpl.java:818)
	... 33 common frames omitted
Caused by: java.net.ConnectException: Connection refused: connect
	at java.base/sun.nio.ch.Net.connect0(Native Method)
	at java.base/sun.nio.ch.Net.connect(Net.java:579)
	at java.base/sun.nio.ch.Net.connect(Net.java:568)
	at java.base/sun.nio.ch.NioSocketImpl.connect(NioSocketImpl.java:576)
	at java.base/java.net.SocksSocketImpl.connect(SocksSocketImpl.java:327)
	at java.base/java.net.Socket.connect(Socket.java:666)
	at com.mysql.cj.protocol.StandardSocketFactory.connect(StandardSocketFactory.java:153)
	at com.mysql.cj.protocol.a.NativeSocketConnection.connect(NativeSocketConnection.java:63)
	... 36 common frames omitted
2024-06-19 06:11:05 INFO  CrudDaoImpl - Dodano nowa gre:
PcGameData(title=mc, year=2002, month=12, day=12, requirements=niskie, modding=tak)
2024-06-19 06:12:05 INFO  CrudDaoImpl - Dodano nowa gre:
MobileGameData(title=cod, year=321, month=21, day=12, system=ps)
2024-06-19 06:12:41 INFO  CrudDaoImpl - Dodano nowa gre:
ConsoleGameData(title=uncharted, year=123, month=21, day=12, console=ps)
2024-06-19 06:14:04 INFO  CrudDaoImpl - Nowy opis mc:
(PC) mc, release date: 12.12.2002, modding: w pelni, requirements: bardzo niskie
2024-06-19 06:14:24 INFO  CrudDaoImpl - Nowy tytul cod:
(Mobile) cod, release date: 12.21.321, system: ps
2024-06-19 06:14:34 INFO  CrudDaoImpl - Gra cod usunieta!
